#
# A fatal error has been detected by the Java Runtime Environment:
#
#  EXCEPTION_ACCESS_VIOLATION (0xc0000005) at pc=0x00007ffd628232b9, pid=3468, tid=10348
#
# JRE version: Java(TM) SE Runtime Environment (13.0.2+8) (build 13.0.2+8)
# Java VM: Java HotSpot(TM) 64-Bit Server VM (13.0.2+8, mixed mode, sharing, tiered, compressed oops, g1 gc, windows-amd64)
# Problematic frame:
# V  [jvm.dll+0x6b32b9]
#
# No core dump will be written. Minidumps are not enabled by default on client versions of Windows
#
# If you would like to submit a bug report, please visit:
#   http://bugreport.java.com/bugreport/crash.jsp
#

---------------  S U M M A R Y ------------

Command Line: -agentlib:jdwp=transport=dt_socket,server=n,suspend=y,address=localhost:62224 -Dfile.encoding=UTF-8 com.zero.taskflow.TaskflowApplication --spring.config.location=file:conf/fix_taskflow.properties,file:conf/taskflow.properties

Host: Intel(R) Core(TM) i5-5300U CPU @ 2.30GHz, 4 cores, 7G,  Windows 10 , 64 bit Build 18922 (10.0.18922.1000)
Time: Sun Feb 23 18:41:41 2020 Eastern Standard Time elapsed time: 0 seconds (0d 0h 0m 0s)

---------------  T H R E A D  ---------------

Current thread (0x000001bd69bd8000):  WatcherThread [stack: 0x0000004074d00000,0x0000004074e00000] [id=10348]

Stack: [0x0000004074d00000,0x0000004074e00000],  sp=0x0000004074dffa80,  free space=1022k
Native frames: (J=compiled Java code, j=interpreted, Vv=VM code, C=native code)
V  [jvm.dll+0x6b32b9]
V  [jvm.dll+0x70285d]
V  [jvm.dll+0x736d1f]
V  [jvm.dll+0x72fcaa]
V  [jvm.dll+0x623ea6]
C  [ucrtbase.dll+0x200d2]
C  [KERNEL32.DLL+0x15ee4]
C  [ntdll.dll+0x732f1]


siginfo: EXCEPTION_ACCESS_VIOLATION (0xc0000005), reading address 0x0000000400000003


Register to memory mapping:

RIP=0x00007ffd628232b9 jvm.dll
RAX=0x000001bd48b462d0 points into unknown readable memory: 03 00 00 00 04 00 00 00
RBX=0x0 is NULL
RCX=0x0000000400000003 is an unknown value
RDX=0x0000000000000033 is an unknown value
RSP=0x0000004074dffa80 points into unknown readable memory: fd ff ff ff 00 00 00 00
RBP=0x0000000000000002 is an unknown value
RSI=0x000001bd4ac25a20 points into unknown readable memory: 70 82 bb 69 bd 01 00 00
RDI=0x0 is NULL
R8 =0x0 is NULL
R9 =0x000000007ffeb000 points into unknown readable memory: 01 00 00 00 00 00 00 00
R10=0x0000000000000001 is an unknown value
R11=0x00000112011b83f3 is an unknown value
R12=0x0 is NULL
R13=0x000001bd69bd8000 points into unknown readable memory: 78 6c a4 62 fd 7f 00 00
R14=0x0000000000000033 is an unknown value
R15=0x000001bd69bb1cb0 points into unknown readable memory: 00 00 00 00 00 00 00 00


Registers:
RAX=0x000001bd48b462d0, RBX=0x0000000000000000, RCX=0x0000000400000003, RDX=0x0000000000000033
RSP=0x0000004074dffa80, RBP=0x0000000000000002, RSI=0x000001bd4ac25a20, RDI=0x0000000000000000
R8 =0x0000000000000000, R9 =0x000000007ffeb000, R10=0x0000000000000001, R11=0x00000112011b83f3
R12=0x0000000000000000, R13=0x000001bd69bd8000, R14=0x0000000000000033, R15=0x000001bd69bb1cb0
RIP=0x00007ffd628232b9, EFLAGS=0x0000000000010202

Top of Stack: (sp=0x0000004074dffa80)
0x0000004074dffa80:   00000000fffffffd 00007ffd62794719
0x0000004074dffa90:   00001f800010001b 0000000000000033
0x0000004074dffaa0:   00007ffd62c16ec8 00007ffd6287285d
0x0000004074dffab0:   0000000000000001 000001bd48c2abf0
0x0000004074dffac0:   0000000000000032 0000000000000000
0x0000004074dffad0:   000001bd69bb1cb0 0000948ed84f02d0
0x0000004074dffae0:   0000000000000032 00007ffd628a6d1f
0x0000004074dffaf0:   0000000000000001 000001bd48c2abf0
0x0000004074dffb00:   0000000000000033 0000000000000002
0x0000004074dffb10:   0000000000000000 00007ffd6276a833
0x0000004074dffb20:   0000000000000000 00007ffd627935ef
0x0000004074dffb30:   0000000000000000 0000000000000000
0x0000004074dffb40:   000001bd69bd8000 00007ffd628a50df
0x0000004074dffb50:   000001bd69bd8000 0000000000000000
0x0000004074dffb60:   0000000000000000 0000004074dffe60
0x0000004074dffb70:   000001bd69bd8000 00007ffd6289fcaa 

Instructions: (pc=0x00007ffd628232b9)
0x00007ffd628231b9:   00 00 74 6c 48 83 3d 3b 1b 3e 00 00 75 62 48 89
0x00007ffd628231c9:   5c 24 20 e8 2f fb ff ff e8 0a aa f9 ff 45 33 c0
0x00007ffd628231d9:   48 89 05 28 1b 3e 00 41 8d 50 08 8d 4a 08 e8 e4
0x00007ffd628231e9:   5a a0 ff 48 8b d8 48 85 c0 74 1b 48 63 15 ed 30
0x00007ffd628231f9:   34 00 48 8b c8 e8 ad f3 04 00 48 8d 05 4e e2 21
0x00007ffd62823209:   00 48 89 03 eb 02 33 db 48 8b cb 48 89 1d e5 1a
0x00007ffd62823219:   3e 00 48 8b 5c 24 20 48 83 c4 28 e9 07 f5 04 00
0x00007ffd62823229:   48 83 c4 28 c3 cc cc 48 89 5c 24 10 56 48 83 ec
0x00007ffd62823239:   20 48 8b 01 33 db 48 8b f1 39 18 7e 2a 48 89 7c
0x00007ffd62823249:   24 30 8b fb 0f 1f 00 48 8b 40 18 48 8b 0c 07 48
0x00007ffd62823259:   8b 01 ff 50 08 48 8b 06 48 8d 7f 08 ff c3 3b 18
0x00007ffd62823269:   7c e5 48 8b 7c 24 30 48 8b 5c 24 38 48 83 c4 20
0x00007ffd62823279:   5e c3 cc cc cc cc cc e9 3b b9 f6 ff cc cc cc cc
0x00007ffd62823289:   cc cc cc cc cc cc cc 48 89 5c 24 10 56 48 83 ec
0x00007ffd62823299:   20 48 8b 35 67 1a 3e 00 33 db 48 8b 06 39 18 7e
0x00007ffd628232a9:   27 48 89 7c 24 30 8b fb 48 8b 40 18 48 8b 0c 07
0x00007ffd628232b9:   48 8b 01 ff 50 08 48 8b 06 48 8d 7f 08 ff c3 3b
0x00007ffd628232c9:   18 7c e5 48 8b 7c 24 30 48 8b 5c 24 38 48 83 c4
0x00007ffd628232d9:   20 5e c3 cc cc cc cc 48 85 d2 48 8d 05 46 5b 1c
0x00007ffd628232e9:   00 48 89 01 4c 8d 0d f4 4b 1d 00 4c 89 49 08 48
0x00007ffd628232f9:   8d 41 08 48 0f 44 d1 4d 85 c0 48 89 51 10 49 0f
0x00007ffd62823309:   45 c0 48 89 41 18 48 8b c1 c3 cc cc cc cc cc cc
0x00007ffd62823319:   cc cc cc cc cc cc cc 40 53 48 81 ec b0 00 00 00
0x00007ffd62823329:   48 8b d9 48 8d 4c 24 20 e8 3a 02 00 00 48 8d 54
0x00007ffd62823339:   24 20 48 8b cb e8 0d 0e 00 00 48 81 c4 b0 00 00
0x00007ffd62823349:   00 5b c3 cc cc cc cc 48 83 ec 28 e8 67 67 95 ff
0x00007ffd62823359:   48 83 c4 28 e9 be 0f 00 00 cc cc cc cc cc cc cc
0x00007ffd62823369:   cc cc cc cc cc cc cc 40 53 48 83 ec 20 0f b6 d9
0x00007ffd62823379:   e8 e2 00 00 00 0f b6 cb 48 83 c4 20 5b e9 b5 10
0x00007ffd62823389:   00 00 cc cc cc cc cc 48 89 5c 24 08 57 48 83 ec
0x00007ffd62823399:   20 8b da 48 8b f9 e8 ec 00 00 00 8b d3 48 8b cf
0x00007ffd628233a9:   48 8b 5c 24 30 48 83 c4 20 5f e9 68 19 00 00 cc 


Stack slot to memory mapping:
stack at sp + 0 slots: 
[error occurred during error reporting (inspecting top of stack), id 0xc0000005, EXCEPTION_ACCESS_VIOLATION (0xc0000005) at pc=0x00007ffd624569bf]


---------------  P R O C E S S  ---------------

Threads class SMR info:
_java_thread_list=0x000001bd69be3950, length=13, elements={
0x000001bd4ac23000, 0x000001bd69122800, 0x000001bd69128800, 0x000001bd69146800,
0x000001bd69149000, 0x000001bd6914a800, 0x000001bd6914c000, 0x000001bd6915a800,
0x000001bd69bbc000, 0x000001bd69bc0000, 0x000001bd69bc1000, 0x000001bd69bd0000,
0x000001bd69be4800
}

Java Threads: ( => current thread )
  0x000001bd4ac23000 JavaThread "main" [_thread_in_Java, id=3740, stack(0x0000004073b00000,0x0000004073c00000)]
  0x000001bd69122800 JavaThread "Reference Handler" daemon [_thread_blocked, id=15240, stack(0x0000004074200000,0x0000004074300000)]
  0x000001bd69128800 JavaThread "Finalizer" daemon [_thread_blocked, id=14644, stack(0x0000004074300000,0x0000004074400000)]
  0x000001bd69146800 JavaThread "Signal Dispatcher" daemon [_thread_blocked, id=3496, stack(0x0000004074400000,0x0000004074500000)]
  0x000001bd69149000 JavaThread "Attach Listener" daemon [_thread_blocked, id=9664, stack(0x0000004074500000,0x0000004074600000)]
  0x000001bd6914a800 JavaThread "C2 CompilerThread0" daemon [_thread_blocked, id=14744, stack(0x0000004074600000,0x0000004074700000)]
  0x000001bd6914c000 JavaThread "C1 CompilerThread0" daemon [_thread_blocked, id=5512, stack(0x0000004074700000,0x0000004074800000)]
  0x000001bd6915a800 JavaThread "Sweeper thread" daemon [_thread_blocked, id=18096, stack(0x0000004074800000,0x0000004074900000)]
  0x000001bd69bbc000 JavaThread "JDWP Transport Listener: dt_socket" daemon [_thread_blocked, id=19428, stack(0x0000004074900000,0x0000004074a00000)]
  0x000001bd69bc0000 JavaThread "JDWP Event Helper Thread" daemon [_thread_blocked, id=16424, stack(0x0000004074a00000,0x0000004074b00000)]
  0x000001bd69bc1000 JavaThread "JDWP Command Reader" daemon [_thread_in_native, id=9080, stack(0x0000004074b00000,0x0000004074c00000)]
  0x000001bd69bd0000 JavaThread "Service Thread" daemon [_thread_blocked, id=13768, stack(0x0000004074c00000,0x0000004074d00000)]
  0x000001bd69be4800 JavaThread "Common-Cleaner" daemon [_thread_blocked, id=6636, stack(0x0000004074e00000,0x0000004074f00000)]

Other Threads:
  0x000001bd6911f800 VMThread "VM Thread" [stack: 0x0000004074100000,0x0000004074200000] [id=15940]
=>0x000001bd69bd8000 WatcherThread [stack: 0x0000004074d00000,0x0000004074e00000] [id=10348]
  0x000001bd4ac67000 GCTaskThread "GC Thread#0" [stack: 0x0000004073c00000,0x0000004073d00000] [id=13748]
  0x000001bd4ac78800 ConcurrentGCThread "G1 Main Marker" [stack: 0x0000004073d00000,0x0000004073e00000] [id=13584]
  0x000001bd4ac7a000 ConcurrentGCThread "G1 Conc#0" [stack: 0x0000004073e00000,0x0000004073f00000] [id=16044]
  0x000001bd4acf6800 ConcurrentGCThread "G1 Refine#0" [stack: 0x0000004073f00000,0x0000004074000000] [id=2824]
  0x000001bd4acf7800 ConcurrentGCThread "G1 Young RemSet Sampling" [stack: 0x0000004074000000,0x0000004074100000] [id=11584]

Threads with active compile tasks:

VM state:not at safepoint (normal execution)

VM Mutex/Monitor currently owned by a thread:  ([mutex/lock_event])
[0x000001bd48c2abf0] PeriodicTask_lock - owner thread: 0x000001bd69bd8000

Heap address: 0x0000000081a00000, size: 2022 MB, Compressed Oops mode: 32-bit
Narrow klass base: 0x0000000800000000, Narrow klass shift: 3
Compressed class space size: 1073741824 Address: 0x0000000800b40000

Heap:
 garbage-first heap   total 131072K, used 1024K [0x0000000081a00000, 0x0000000100000000)
  region size 1024K, 2 young (2048K), 0 survivors (0K)
 Metaspace       used 240K, capacity 4486K, committed 4864K, reserved 1056768K
  class space    used 12K, capacity 386K, committed 512K, reserved 1048576K
Heap Regions: E=young(eden), S=young(survivor), O=old, HS=humongous(starts), HC=humongous(continues), CS=collection set, F=free, A=archive, TAMS=top-at-mark-start (previous, next)
|   0|0x0000000081a00000, 0x0000000081a00000, 0x0000000081b00000|  0%| F|  |TAMS 0x0000000081a00000, 0x0000000081a00000| Untracked 
|   1|0x0000000081b00000, 0x0000000081b00000, 0x0000000081c00000|  0%| F|  |TAMS 0x0000000081b00000, 0x0000000081b00000| Untracked 
|   2|0x0000000081c00000, 0x0000000081c00000, 0x0000000081d00000|  0%| F|  |TAMS 0x0000000081c00000, 0x0000000081c00000| Untracked 
|   3|0x0000000081d00000, 0x0000000081d00000, 0x0000000081e00000|  0%| F|  |TAMS 0x0000000081d00000, 0x0000000081d00000| Untracked 
|   4|0x0000000081e00000, 0x0000000081e00000, 0x0000000081f00000|  0%| F|  |TAMS 0x0000000081e00000, 0x0000000081e00000| Untracked 
|   5|0x0000000081f00000, 0x0000000081f00000, 0x0000000082000000|  0%| F|  |TAMS 0x0000000081f00000, 0x0000000081f00000| Untracked 
|   6|0x0000000082000000, 0x0000000082000000, 0x0000000082100000|  0%| F|  |TAMS 0x0000000082000000, 0x0000000082000000| Untracked 
|   7|0x0000000082100000, 0x0000000082100000, 0x0000000082200000|  0%| F|  |TAMS 0x0000000082100000, 0x0000000082100000| Untracked 
|   8|0x0000000082200000, 0x0000000082200000, 0x0000000082300000|  0%| F|  |TAMS 0x0000000082200000, 0x0000000082200000| Untracked 
|   9|0x0000000082300000, 0x0000000082300000, 0x0000000082400000|  0%| F|  |TAMS 0x0000000082300000, 0x0000000082300000| Untracked 
|  10|0x0000000082400000, 0x0000000082400000, 0x0000000082500000|  0%| F|  |TAMS 0x0000000082400000, 0x0000000082400000| Untracked 
|  11|0x0000000082500000, 0x0000000082500000, 0x0000000082600000|  0%| F|  |TAMS 0x0000000082500000, 0x0000000082500000| Untracked 
|  12|0x0000000082600000, 0x0000000082600000, 0x0000000082700000|  0%| F|  |TAMS 0x0000000082600000, 0x0000000082600000| Untracked 
|  13|0x0000000082700000, 0x0000000082700000, 0x0000000082800000|  0%| F|  |TAMS 0x0000000082700000, 0x0000000082700000| Untracked 
|  14|0x0000000082800000, 0x0000000082800000, 0x0000000082900000|  0%| F|  |TAMS 0x0000000082800000, 0x0000000082800000| Untracked 
|  15|0x0000000082900000, 0x0000000082900000, 0x0000000082a00000|  0%| F|  |TAMS 0x0000000082900000, 0x0000000082900000| Untracked 
|  16|0x0000000082a00000, 0x0000000082a00000, 0x0000000082b00000|  0%| F|  |TAMS 0x0000000082a00000, 0x0000000082a00000| Untracked 
|  17|0x0000000082b00000, 0x0000000082b00000, 0x0000000082c00000|  0%| F|  |TAMS 0x0000000082b00000, 0x0000000082b00000| Untracked 
|  18|0x0000000082c00000, 0x0000000082c00000, 0x0000000082d00000|  0%| F|  |TAMS 0x0000000082c00000, 0x0000000082c00000| Untracked 
|  19|0x0000000082d00000, 0x0000000082d00000, 0x0000000082e00000|  0%| F|  |TAMS 0x0000000082d00000, 0x0000000082d00000| Untracked 
|  20|0x0000000082e00000, 0x0000000082e00000, 0x0000000082f00000|  0%| F|  |TAMS 0x0000000082e00000, 0x0000000082e00000| Untracked 
|  21|0x0000000082f00000, 0x0000000082f00000, 0x0000000083000000|  0%| F|  |TAMS 0x0000000082f00000, 0x0000000082f00000| Untracked 
|  22|0x0000000083000000, 0x0000000083000000, 0x0000000083100000|  0%| F|  |TAMS 0x0000000083000000, 0x0000000083000000| Untracked 
|  23|0x0000000083100000, 0x0000000083100000, 0x0000000083200000|  0%| F|  |TAMS 0x0000000083100000, 0x0000000083100000| Untracked 
|  24|0x0000000083200000, 0x0000000083200000, 0x0000000083300000|  0%| F|  |TAMS 0x0000000083200000, 0x0000000083200000| Untracked 
|  25|0x0000000083300000, 0x0000000083300000, 0x0000000083400000|  0%| F|  |TAMS 0x0000000083300000, 0x0000000083300000| Untracked 
|  26|0x0000000083400000, 0x0000000083400000, 0x0000000083500000|  0%| F|  |TAMS 0x0000000083400000, 0x0000000083400000| Untracked 
|  27|0x0000000083500000, 0x0000000083500000, 0x0000000083600000|  0%| F|  |TAMS 0x0000000083500000, 0x0000000083500000| Untracked 
|  28|0x0000000083600000, 0x0000000083600000, 0x0000000083700000|  0%| F|  |TAMS 0x0000000083600000, 0x0000000083600000| Untracked 
|  29|0x0000000083700000, 0x0000000083700000, 0x0000000083800000|  0%| F|  |TAMS 0x0000000083700000, 0x0000000083700000| Untracked 
|  30|0x0000000083800000, 0x0000000083800000, 0x0000000083900000|  0%| F|  |TAMS 0x0000000083800000, 0x0000000083800000| Untracked 
|  31|0x0000000083900000, 0x0000000083900000, 0x0000000083a00000|  0%| F|  |TAMS 0x0000000083900000, 0x0000000083900000| Untracked 
|  32|0x0000000083a00000, 0x0000000083a00000, 0x0000000083b00000|  0%| F|  |TAMS 0x0000000083a00000, 0x0000000083a00000| Untracked 
|  33|0x0000000083b00000, 0x0000000083b00000, 0x0000000083c00000|  0%| F|  |TAMS 0x0000000083b00000, 0x0000000083b00000| Untracked 
|  34|0x0000000083c00000, 0x0000000083c00000, 0x0000000083d00000|  0%| F|  |TAMS 0x0000000083c00000, 0x0000000083c00000| Untracked 
|  35|0x0000000083d00000, 0x0000000083d00000, 0x0000000083e00000|  0%| F|  |TAMS 0x0000000083d00000, 0x0000000083d00000| Untracked 
|  36|0x0000000083e00000, 0x0000000083e00000, 0x0000000083f00000|  0%| F|  |TAMS 0x0000000083e00000, 0x0000000083e00000| Untracked 
|  37|0x0000000083f00000, 0x0000000083f00000, 0x0000000084000000|  0%| F|  |TAMS 0x0000000083f00000, 0x0000000083f00000| Untracked 
|  38|0x0000000084000000, 0x0000000084000000, 0x0000000084100000|  0%| F|  |TAMS 0x0000000084000000, 0x0000000084000000| Untracked 
|  39|0x0000000084100000, 0x0000000084100000, 0x0000000084200000|  0%| F|  |TAMS 0x0000000084100000, 0x0000000084100000| Untracked 
|  40|0x0000000084200000, 0x0000000084200000, 0x0000000084300000|  0%| F|  |TAMS 0x0000000084200000, 0x0000000084200000| Untracked 
|  41|0x0000000084300000, 0x0000000084300000, 0x0000000084400000|  0%| F|  |TAMS 0x0000000084300000, 0x0000000084300000| Untracked 
|  42|0x0000000084400000, 0x0000000084400000, 0x0000000084500000|  0%| F|  |TAMS 0x0000000084400000, 0x0000000084400000| Untracked 
|  43|0x0000000084500000, 0x0000000084500000, 0x0000000084600000|  0%| F|  |TAMS 0x0000000084500000, 0x0000000084500000| Untracked 
|  44|0x0000000084600000, 0x0000000084600000, 0x0000000084700000|  0%| F|  |TAMS 0x0000000084600000, 0x0000000084600000| Untracked 
|  45|0x0000000084700000, 0x0000000084700000, 0x0000000084800000|  0%| F|  |TAMS 0x0000000084700000, 0x0000000084700000| Untracked 
|  46|0x0000000084800000, 0x0000000084800000, 0x0000000084900000|  0%| F|  |TAMS 0x0000000084800000, 0x0000000084800000| Untracked 
|  47|0x0000000084900000, 0x0000000084900000, 0x0000000084a00000|  0%| F|  |TAMS 0x0000000084900000, 0x0000000084900000| Untracked 
|  48|0x0000000084a00000, 0x0000000084a00000, 0x0000000084b00000|  0%| F|  |TAMS 0x0000000084a00000, 0x0000000084a00000| Untracked 
|  49|0x0000000084b00000, 0x0000000084b00000, 0x0000000084c00000|  0%| F|  |TAMS 0x0000000084b00000, 0x0000000084b00000| Untracked 
|  50|0x0000000084c00000, 0x0000000084c00000, 0x0000000084d00000|  0%| F|  |TAMS 0x0000000084c00000, 0x0000000084c00000| Untracked 
|  51|0x0000000084d00000, 0x0000000084d00000, 0x0000000084e00000|  0%| F|  |TAMS 0x0000000084d00000, 0x0000000084d00000| Untracked 
|  52|0x0000000084e00000, 0x0000000084e00000, 0x0000000084f00000|  0%| F|  |TAMS 0x0000000084e00000, 0x0000000084e00000| Untracked 
|  53|0x0000000084f00000, 0x0000000084f00000, 0x0000000085000000|  0%| F|  |TAMS 0x0000000084f00000, 0x0000000084f00000| Untracked 
|  54|0x0000000085000000, 0x0000000085000000, 0x0000000085100000|  0%| F|  |TAMS 0x0000000085000000, 0x0000000085000000| Untracked 
|  55|0x0000000085100000, 0x0000000085100000, 0x0000000085200000|  0%| F|  |TAMS 0x0000000085100000, 0x0000000085100000| Untracked 
|  56|0x0000000085200000, 0x0000000085200000, 0x0000000085300000|  0%| F|  |TAMS 0x0000000085200000, 0x0000000085200000| Untracked 
|  57|0x0000000085300000, 0x0000000085300000, 0x0000000085400000|  0%| F|  |TAMS 0x0000000085300000, 0x0000000085300000| Untracked 
|  58|0x0000000085400000, 0x0000000085400000, 0x0000000085500000|  0%| F|  |TAMS 0x0000000085400000, 0x0000000085400000| Untracked 
|  59|0x0000000085500000, 0x0000000085500000, 0x0000000085600000|  0%| F|  |TAMS 0x0000000085500000, 0x0000000085500000| Untracked 
|  60|0x0000000085600000, 0x0000000085600000, 0x0000000085700000|  0%| F|  |TAMS 0x0000000085600000, 0x0000000085600000| Untracked 
|  61|0x0000000085700000, 0x0000000085700000, 0x0000000085800000|  0%| F|  |TAMS 0x0000000085700000, 0x0000000085700000| Untracked 
|  62|0x0000000085800000, 0x0000000085800000, 0x0000000085900000|  0%| F|  |TAMS 0x0000000085800000, 0x0000000085800000| Untracked 
|  63|0x0000000085900000, 0x0000000085900000, 0x0000000085a00000|  0%| F|  |TAMS 0x0000000085900000, 0x0000000085900000| Untracked 
|  64|0x0000000085a00000, 0x0000000085a00000, 0x0000000085b00000|  0%| F|  |TAMS 0x0000000085a00000, 0x0000000085a00000| Untracked 
|  65|0x0000000085b00000, 0x0000000085b00000, 0x0000000085c00000|  0%| F|  |TAMS 0x0000000085b00000, 0x0000000085b00000| Untracked 
|  66|0x0000000085c00000, 0x0000000085c00000, 0x0000000085d00000|  0%| F|  |TAMS 0x0000000085c00000, 0x0000000085c00000| Untracked 
|  67|0x0000000085d00000, 0x0000000085d00000, 0x0000000085e00000|  0%| F|  |TAMS 0x0000000085d00000, 0x0000000085d00000| Untracked 
|  68|0x0000000085e00000, 0x0000000085e00000, 0x0000000085f00000|  0%| F|  |TAMS 0x0000000085e00000, 0x0000000085e00000| Untracked 
|  69|0x0000000085f00000, 0x0000000085f00000, 0x0000000086000000|  0%| F|  |TAMS 0x0000000085f00000, 0x0000000085f00000| Untracked 
|  70|0x0000000086000000, 0x0000000086000000, 0x0000000086100000|  0%| F|  |TAMS 0x0000000086000000, 0x0000000086000000| Untracked 
|  71|0x0000000086100000, 0x0000000086100000, 0x0000000086200000|  0%| F|  |TAMS 0x0000000086100000, 0x0000000086100000| Untracked 
|  72|0x0000000086200000, 0x0000000086200000, 0x0000000086300000|  0%| F|  |TAMS 0x0000000086200000, 0x0000000086200000| Untracked 
|  73|0x0000000086300000, 0x0000000086300000, 0x0000000086400000|  0%| F|  |TAMS 0x0000000086300000, 0x0000000086300000| Untracked 
|  74|0x0000000086400000, 0x0000000086400000, 0x0000000086500000|  0%| F|  |TAMS 0x0000000086400000, 0x0000000086400000| Untracked 
|  75|0x0000000086500000, 0x0000000086500000, 0x0000000086600000|  0%| F|  |TAMS 0x0000000086500000, 0x0000000086500000| Untracked 
|  76|0x0000000086600000, 0x0000000086600000, 0x0000000086700000|  0%| F|  |TAMS 0x0000000086600000, 0x0000000086600000| Untracked 
|  77|0x0000000086700000, 0x0000000086700000, 0x0000000086800000|  0%| F|  |TAMS 0x0000000086700000, 0x0000000086700000| Untracked 
|  78|0x0000000086800000, 0x0000000086800000, 0x0000000086900000|  0%| F|  |TAMS 0x0000000086800000, 0x0000000086800000| Untracked 
|  79|0x0000000086900000, 0x0000000086900000, 0x0000000086a00000|  0%| F|  |TAMS 0x0000000086900000, 0x0000000086900000| Untracked 
|  80|0x0000000086a00000, 0x0000000086a00000, 0x0000000086b00000|  0%| F|  |TAMS 0x0000000086a00000, 0x0000000086a00000| Untracked 
|  81|0x0000000086b00000, 0x0000000086b00000, 0x0000000086c00000|  0%| F|  |TAMS 0x0000000086b00000, 0x0000000086b00000| Untracked 
|  82|0x0000000086c00000, 0x0000000086c00000, 0x0000000086d00000|  0%| F|  |TAMS 0x0000000086c00000, 0x0000000086c00000| Untracked 
|  83|0x0000000086d00000, 0x0000000086d00000, 0x0000000086e00000|  0%| F|  |TAMS 0x0000000086d00000, 0x0000000086d00000| Untracked 
|  84|0x0000000086e00000, 0x0000000086e00000, 0x0000000086f00000|  0%| F|  |TAMS 0x0000000086e00000, 0x0000000086e00000| Untracked 
|  85|0x0000000086f00000, 0x0000000086f00000, 0x0000000087000000|  0%| F|  |TAMS 0x0000000086f00000, 0x0000000086f00000| Untracked 
|  86|0x0000000087000000, 0x0000000087000000, 0x0000000087100000|  0%| F|  |TAMS 0x0000000087000000, 0x0000000087000000| Untracked 
|  87|0x0000000087100000, 0x0000000087100000, 0x0000000087200000|  0%| F|  |TAMS 0x0000000087100000, 0x0000000087100000| Untracked 
|  88|0x0000000087200000, 0x0000000087200000, 0x0000000087300000|  0%| F|  |TAMS 0x0000000087200000, 0x0000000087200000| Untracked 
|  89|0x0000000087300000, 0x0000000087300000, 0x0000000087400000|  0%| F|  |TAMS 0x0000000087300000, 0x0000000087300000| Untracked 
|  90|0x0000000087400000, 0x0000000087400000, 0x0000000087500000|  0%| F|  |TAMS 0x0000000087400000, 0x0000000087400000| Untracked 
|  91|0x0000000087500000, 0x0000000087500000, 0x0000000087600000|  0%| F|  |TAMS 0x0000000087500000, 0x0000000087500000| Untracked 
|  92|0x0000000087600000, 0x0000000087600000, 0x0000000087700000|  0%| F|  |TAMS 0x0000000087600000, 0x0000000087600000| Untracked 
|  93|0x0000000087700000, 0x0000000087700000, 0x0000000087800000|  0%| F|  |TAMS 0x0000000087700000, 0x0000000087700000| Untracked 
|  94|0x0000000087800000, 0x0000000087800000, 0x0000000087900000|  0%| F|  |TAMS 0x0000000087800000, 0x0000000087800000| Untracked 
|  95|0x0000000087900000, 0x0000000087900000, 0x0000000087a00000|  0%| F|  |TAMS 0x0000000087900000, 0x0000000087900000| Untracked 
|  96|0x0000000087a00000, 0x0000000087a00000, 0x0000000087b00000|  0%| F|  |TAMS 0x0000000087a00000, 0x0000000087a00000| Untracked 
|  97|0x0000000087b00000, 0x0000000087b00000, 0x0000000087c00000|  0%| F|  |TAMS 0x0000000087b00000, 0x0000000087b00000| Untracked 
|  98|0x0000000087c00000, 0x0000000087c00000, 0x0000000087d00000|  0%| F|  |TAMS 0x0000000087c00000, 0x0000000087c00000| Untracked 
|  99|0x0000000087d00000, 0x0000000087d00000, 0x0000000087e00000|  0%| F|  |TAMS 0x0000000087d00000, 0x0000000087d00000| Untracked 
| 100|0x0000000087e00000, 0x0000000087e00000, 0x0000000087f00000|  0%| F|  |TAMS 0x0000000087e00000, 0x0000000087e00000| Untracked 
| 101|0x0000000087f00000, 0x0000000087f00000, 0x0000000088000000|  0%| F|  |TAMS 0x0000000087f00000, 0x0000000087f00000| Untracked 
| 102|0x0000000088000000, 0x0000000088000000, 0x0000000088100000|  0%| F|  |TAMS 0x0000000088000000, 0x0000000088000000| Untracked 
| 103|0x0000000088100000, 0x0000000088100000, 0x0000000088200000|  0%| F|  |TAMS 0x0000000088100000, 0x0000000088100000| Untracked 
| 104|0x0000000088200000, 0x0000000088200000, 0x0000000088300000|  0%| F|  |TAMS 0x0000000088200000, 0x0000000088200000| Untracked 
| 105|0x0000000088300000, 0x0000000088300000, 0x0000000088400000|  0%| F|  |TAMS 0x0000000088300000, 0x0000000088300000| Untracked 
| 106|0x0000000088400000, 0x0000000088400000, 0x0000000088500000|  0%| F|  |TAMS 0x0000000088400000, 0x0000000088400000| Untracked 
| 107|0x0000000088500000, 0x0000000088500000, 0x0000000088600000|  0%| F|  |TAMS 0x0000000088500000, 0x0000000088500000| Untracked 
| 108|0x0000000088600000, 0x0000000088600000, 0x0000000088700000|  0%| F|  |TAMS 0x0000000088600000, 0x0000000088600000| Untracked 
| 109|0x0000000088700000, 0x0000000088700000, 0x0000000088800000|  0%| F|  |TAMS 0x0000000088700000, 0x0000000088700000| Untracked 
| 110|0x0000000088800000, 0x0000000088800000, 0x0000000088900000|  0%| F|  |TAMS 0x0000000088800000, 0x0000000088800000| Untracked 
| 111|0x0000000088900000, 0x0000000088900000, 0x0000000088a00000|  0%| F|  |TAMS 0x0000000088900000, 0x0000000088900000| Untracked 
| 112|0x0000000088a00000, 0x0000000088a00000, 0x0000000088b00000|  0%| F|  |TAMS 0x0000000088a00000, 0x0000000088a00000| Untracked 
| 113|0x0000000088b00000, 0x0000000088b00000, 0x0000000088c00000|  0%| F|  |TAMS 0x0000000088b00000, 0x0000000088b00000| Untracked 
| 114|0x0000000088c00000, 0x0000000088c00000, 0x0000000088d00000|  0%| F|  |TAMS 0x0000000088c00000, 0x0000000088c00000| Untracked 
| 115|0x0000000088d00000, 0x0000000088d00000, 0x0000000088e00000|  0%| F|  |TAMS 0x0000000088d00000, 0x0000000088d00000| Untracked 
| 116|0x0000000088e00000, 0x0000000088e00000, 0x0000000088f00000|  0%| F|  |TAMS 0x0000000088e00000, 0x0000000088e00000| Untracked 
| 117|0x0000000088f00000, 0x0000000088f00000, 0x0000000089000000|  0%| F|  |TAMS 0x0000000088f00000, 0x0000000088f00000| Untracked 
| 118|0x0000000089000000, 0x0000000089000000, 0x0000000089100000|  0%| F|  |TAMS 0x0000000089000000, 0x0000000089000000| Untracked 
| 119|0x0000000089100000, 0x0000000089100000, 0x0000000089200000|  0%| F|  |TAMS 0x0000000089100000, 0x0000000089100000| Untracked 
| 120|0x0000000089200000, 0x0000000089200000, 0x0000000089300000|  0%| F|  |TAMS 0x0000000089200000, 0x0000000089200000| Untracked 
| 121|0x0000000089300000, 0x0000000089300000, 0x0000000089400000|  0%| F|  |TAMS 0x0000000089300000, 0x0000000089300000| Untracked 
| 122|0x0000000089400000, 0x0000000089400000, 0x0000000089500000|  0%| F|  |TAMS 0x0000000089400000, 0x0000000089400000| Untracked 
| 123|0x0000000089500000, 0x0000000089500000, 0x0000000089600000|  0%| F|  |TAMS 0x0000000089500000, 0x0000000089500000| Untracked 
| 124|0x0000000089600000, 0x0000000089600000, 0x0000000089700000|  0%| F|  |TAMS 0x0000000089600000, 0x0000000089600000| Untracked 
| 125|0x0000000089700000, 0x0000000089700000, 0x0000000089800000|  0%| F|  |TAMS 0x0000000089700000, 0x0000000089700000| Untracked 
| 126|0x0000000089800000, 0x0000000089848318, 0x0000000089900000| 28%| E|  |TAMS 0x0000000089800000, 0x0000000089800000| Complete 
| 127|0x0000000089900000, 0x0000000089a00000, 0x0000000089a00000|100%| E|CS|TAMS 0x0000000089900000, 0x0000000089900000| Complete 

Card table byte_map: [0x000001bd62530000,0x000001bd62930000] _byte_map_base: 0x000001bd62123000

Marking Bits (Prev, Next): (CMBitMap*) 0x000001bd4ac67bf8, (CMBitMap*) 0x000001bd4ac67c38
 Prev Bits: [0x000001bd62d30000, 0x000001bd64cc8000)
 Next Bits: [0x000001bd64cd0000, 0x000001bd66c68000)

Polling page: 0x000001bd48b10000

Metaspace:

Usage:
  Non-class:      4.00 MB capacity,   228.63 KB (  6%) used,     3.78 MB ( 94%) free+waste,   128 bytes ( <1%) overhead. 
      Class:    386.00 KB capacity,    12.26 KB (  3%) used,   373.62 KB ( 97%) free+waste,   128 bytes ( <1%) overhead. 
       Both:      4.38 MB capacity,   240.89 KB (  5%) used,     4.15 MB ( 95%) free+waste,   256 bytes ( <1%) overhead. 

Virtual space:
  Non-class space:        8.00 MB reserved,       4.25 MB ( 53%) committed 
      Class space:        1.00 GB reserved,     512.00 KB ( <1%) committed 
             Both:        1.01 GB reserved,       4.75 MB ( <1%) committed 

Chunk freelists:
   Non-Class:  0 bytes
       Class:  0 bytes
        Both:  0 bytes

MaxMetaspaceSize: 17179869184.00 GB
CompressedClassSpaceSize: 1.00 GB

CodeHeap 'non-profiled nmethods': size=120000Kb used=21Kb max_used=21Kb free=119978Kb
 bounds [0x000001bd5ac00000, 0x000001bd5ae70000, 0x000001bd62130000]
CodeHeap 'profiled nmethods': size=120000Kb used=116Kb max_used=116Kb free=119883Kb
 bounds [0x000001bd536d0000, 0x000001bd53940000, 0x000001bd5ac00000]
CodeHeap 'non-nmethods': size=5760Kb used=1148Kb max_used=1148Kb free=4611Kb
 bounds [0x000001bd53130000, 0x000001bd533a0000, 0x000001bd536d0000]
 total_blobs=666 nmethods=79 adapters=198
 compilation: enabled
              stopped_count=0, restarted_count=0
 full_count=0

Compilation events (20 events):
Event: 0.154 Thread 0x000001bd6914c000 nmethod 69 0x000001bd5ac04010 code [0x000001bd5ac041a0, 0x000001bd5ac042d8]
Event: 0.158 Thread 0x000001bd6914c000   70       3       jdk.internal.module.ModuleBootstrap$2::hasNext (30 bytes)
Event: 0.158 Thread 0x000001bd6914c000 nmethod 70 0x000001bd536e8990 code [0x000001bd536e8b60, 0x000001bd536e8f20]
Event: 0.158 Thread 0x000001bd6914c000   71       3       java.util.HashMap::putIfAbsent (13 bytes)
Event: 0.159 Thread 0x000001bd6914c000 nmethod 71 0x000001bd536e9010 code [0x000001bd536e91e0, 0x000001bd536e9560]
Event: 0.160 Thread 0x000001bd6914c000   72       3       java.util.ImmutableCollections$Set12$1::next (92 bytes)
Event: 0.160 Thread 0x000001bd6914c000 nmethod 72 0x000001bd536e9690 code [0x000001bd536e9860, 0x000001bd536e9b90]
Event: 0.160 Thread 0x000001bd6914c000   73       3       jdk.internal.module.ModuleBootstrap$2::next (52 bytes)
Event: 0.161 Thread 0x000001bd6914c000 nmethod 73 0x000001bd536e9c90 code [0x000001bd536e9ea0, 0x000001bd536ea470]
Event: 0.161 Thread 0x000001bd6914c000   76       3       java.util.HashMap::resize (356 bytes)
Event: 0.161 Thread 0x000001bd6914a800 nmethod 68 0x000001bd5ac04810 code [0x000001bd5ac049a0, 0x000001bd5ac04c38]
Event: 0.161 Thread 0x000001bd6914a800   79       4       java.util.ImmutableCollections$SetN$SetNIterator::nextIndex (56 bytes)
Event: 0.163 Thread 0x000001bd6914c000 nmethod 76 0x000001bd536ea610 code [0x000001bd536ea8c0, 0x000001bd536ebef0]
Event: 0.163 Thread 0x000001bd6914c000   78       3       java.util.ImmutableCollections$MapN::get (35 bytes)
Event: 0.163 Thread 0x000001bd6914a800 nmethod 79 0x000001bd5ac04d90 code [0x000001bd5ac04f20, 0x000001bd5ac05018]
Event: 0.163 Thread 0x000001bd6914c000 nmethod 78 0x000001bd536ec490 code [0x000001bd536ec680, 0x000001bd536ecaa0]
Event: 0.163 Thread 0x000001bd6914c000   77       3       java.util.ImmutableCollections$SetN::iterator (9 bytes)
Event: 0.164 Thread 0x000001bd6914c000 nmethod 77 0x000001bd536ecc10 code [0x000001bd536ecdc0, 0x000001bd536ecff0]
Event: 0.164 Thread 0x000001bd6914c000   75       1       java.lang.Module::getDescriptor (5 bytes)
Event: 0.164 Thread 0x000001bd6914c000 nmethod 75 0x000001bd5ac05110 code [0x000001bd5ac052a0, 0x000001bd5ac053d8]

GC Heap History (0 events):
No events

Deoptimization events (0 events):
No events

Classes unloaded (0 events):
No events

Classes redefined (0 events):
No events

Internal exceptions (0 events):
No events

Events (20 events):
Event: 0.342 loading class com/zero/taskflow/TaskflowApplication
Event: 0.342 loading class com/zero/taskflow/TaskflowApplication done
Event: 0.344 loading class jdk/internal/loader/URLClassPath$FileLoader
Event: 0.344 loading class jdk/internal/loader/URLClassPath$FileLoader done
Event: 0.354 loading class jdk/internal/loader/URLClassPath$FileLoader$1
Event: 0.354 loading class jdk/internal/loader/URLClassPath$FileLoader$1 done
Event: 0.358 Thread 0x000001bd69be4800 Thread added: 0x000001bd69be4800
Event: 0.358 Executing VM operation: EnterInterpOnlyMode
Event: 0.358 Executing VM operation: EnterInterpOnlyMode done
Event: 0.359 Executing VM operation: RevokeBias
Event: 0.359 Executing VM operation: RevokeBias done
Event: 0.369 loading class org/springframework/boot/CommandLineRunner
Event: 0.369 loading class org/springframework/boot/CommandLineRunner done
Event: 0.433 Loaded shared library C:\java\jdk-13.0.2\bin\net.dll
Event: 0.436 Loaded shared library C:\java\jdk-13.0.2\bin\nio.dll
Event: 0.462 Loaded shared library C:\java\jdk-13.0.2\bin\zip.dll
Event: 0.565 Executing VM operation: Deoptimize
Event: 0.566 Executing VM operation: Deoptimize done
Event: 0.587 loading class org/apache/logging/log4j/LogManager
Event: 0.587 loading class org/apache/logging/log4j/LogManager done


Dynamic libraries:
0x00007ff7f0c80000 - 0x00007ff7f0c8f000 	C:\java\jdk-13.0.2\bin\java.exe
0x00007ffdb97f0000 - 0x00007ffdb99e3000 	C:\WINDOWS\SYSTEM32\ntdll.dll
0x00007ffdb96f0000 - 0x00007ffdb97ac000 	C:\WINDOWS\System32\KERNEL32.DLL
0x00007ffdb71d0000 - 0x00007ffdb7481000 	C:\WINDOWS\System32\KERNELBASE.dll
0x00007ffdb77b0000 - 0x00007ffdb78af000 	C:\WINDOWS\System32\ucrtbase.dll
0x00007ffda11c0000 - 0x00007ffda11d8000 	C:\java\jdk-13.0.2\bin\jli.dll
0x00007ffdb7910000 - 0x00007ffdb79ba000 	C:\WINDOWS\System32\ADVAPI32.dll
0x00007ffdb8540000 - 0x00007ffdb85de000 	C:\WINDOWS\System32\msvcrt.dll
0x00007ffdb8200000 - 0x00007ffdb829b000 	C:\WINDOWS\System32\sechost.dll
0x00007ffdb8f70000 - 0x00007ffdb9090000 	C:\WINDOWS\System32\RPCRT4.dll
0x00007ffdb93a0000 - 0x00007ffdb953a000 	C:\WINDOWS\System32\USER32.dll
0x00007ffdb7490000 - 0x00007ffdb74b2000 	C:\WINDOWS\System32\win32u.dll
0x00007ffdb92a0000 - 0x00007ffdb92ca000 	C:\WINDOWS\System32\GDI32.dll
0x00007ffdb76a0000 - 0x00007ffdb77a7000 	C:\WINDOWS\System32\gdi32full.dll
0x00007ffdb6fa0000 - 0x00007ffdb7039000 	C:\WINDOWS\System32\msvcp_win.dll
0x00007ffda11e0000 - 0x00007ffda11f5000 	C:\java\jdk-13.0.2\bin\VCRUNTIME140.dll
0x00007ffda7410000 - 0x00007ffda76aa000 	C:\WINDOWS\WinSxS\amd64_microsoft.windows.common-controls_6595b64144ccf1df_6.0.18922.1000_none_aa70b02dd203a3a1\COMCTL32.dll
0x00007ffda99d0000 - 0x00007ffda99da000 	C:\WINDOWS\SYSTEM32\VERSION.dll
0x00007ffdb8500000 - 0x00007ffdb8531000 	C:\WINDOWS\System32\IMM32.DLL
0x00007ffd8b490000 - 0x00007ffd8b52b000 	C:\java\jdk-13.0.2\bin\msvcp140.dll
0x00007ffd62170000 - 0x00007ffd62ccd000 	C:\java\jdk-13.0.2\bin\server\jvm.dll
0x00007ffdb83b0000 - 0x00007ffdb83b8000 	C:\WINDOWS\System32\PSAPI.DLL
0x00007ffdaae40000 - 0x00007ffdaae67000 	C:\WINDOWS\SYSTEM32\WINMM.dll
0x00007ffdb5910000 - 0x00007ffdb5919000 	C:\WINDOWS\SYSTEM32\WSOCK32.dll
0x00007ffdb8680000 - 0x00007ffdb86eb000 	C:\WINDOWS\System32\WS2_32.dll
0x00007ffdb5ef0000 - 0x00007ffdb5f02000 	C:\WINDOWS\SYSTEM32\kernel.appcore.dll
0x00007ffda9b30000 - 0x00007ffda9b40000 	C:\java\jdk-13.0.2\bin\verify.dll
0x00007ffdb5710000 - 0x00007ffdb58ef000 	C:\WINDOWS\SYSTEM32\DBGHELP.DLL
0x00007ffdb7510000 - 0x00007ffdb758c000 	C:\WINDOWS\System32\bcryptPrimitives.dll
0x00007ffda6b80000 - 0x00007ffda6bac000 	C:\WINDOWS\SYSTEM32\dbgcore.DLL
0x00007ffda09b0000 - 0x00007ffda09d6000 	C:\java\jdk-13.0.2\bin\java.dll
0x00007ffda23c0000 - 0x00007ffda23f8000 	C:\java\jdk-13.0.2\bin\jdwp.dll
0x00007ffda0a10000 - 0x00007ffda0a27000 	C:\java\jdk-13.0.2\bin\zip.dll
0x00007ffda66a0000 - 0x00007ffda66aa000 	C:\java\jdk-13.0.2\bin\jimage.dll
0x00007ffdb7a20000 - 0x00007ffdb80ef000 	C:\WINDOWS\System32\SHELL32.dll
0x00007ffdb4ef0000 - 0x00007ffdb5660000 	C:\WINDOWS\SYSTEM32\windows.storage.dll
0x00007ffdb86f0000 - 0x00007ffdb8a3a000 	C:\WINDOWS\System32\combase.dll
0x00007ffdb8a50000 - 0x00007ffdb8afe000 	C:\WINDOWS\System32\SHCORE.dll
0x00007ffdb78b0000 - 0x00007ffdb7906000 	C:\WINDOWS\System32\shlwapi.dll
0x00007ffdb6ee0000 - 0x00007ffdb6f00000 	C:\WINDOWS\SYSTEM32\profapi.dll
0x00007ffdaff60000 - 0x00007ffdaff6b000 	C:\java\jdk-13.0.2\bin\dt_socket.dll
0x00007ffdb6730000 - 0x00007ffdb679a000 	C:\WINDOWS\system32\mswsock.dll
0x00007ffdb64a0000 - 0x00007ffdb6567000 	C:\WINDOWS\SYSTEM32\DNSAPI.dll
0x00007ffdb6400000 - 0x00007ffdb643b000 	C:\WINDOWS\SYSTEM32\IPHLPAPI.DLL
0x00007ffdb85e0000 - 0x00007ffdb85e9000 	C:\WINDOWS\System32\NSI.dll
0x00007ffdacd30000 - 0x00007ffdacd3a000 	C:\Windows\System32\rasadhlp.dll
0x00007ffdb1d30000 - 0x00007ffdb1da9000 	C:\WINDOWS\System32\fwpuclnt.dll
0x00007ffdb71a0000 - 0x00007ffdb71c7000 	C:\WINDOWS\System32\bcrypt.dll
0x00007ffda08c0000 - 0x00007ffda08d9000 	C:\java\jdk-13.0.2\bin\net.dll
0x00007ffdad5b0000 - 0x00007ffdad6ac000 	C:\WINDOWS\SYSTEM32\WINHTTP.dll
0x00007ffda0720000 - 0x00007ffda0733000 	C:\java\jdk-13.0.2\bin\nio.dll

dbghelp: loaded successfully - version: 4.0.5 - missing functions: none
symbol engine: initialized successfully - sym options: 0x614 - pdb path: .;C:\java\jdk-13.0.2\bin;C:\WINDOWS\SYSTEM32;C:\WINDOWS\WinSxS\amd64_microsoft.windows.common-controls_6595b64144ccf1df_6.0.18922.1000_none_aa70b02dd203a3a1;C:\java\jdk-13.0.2\bin\server

VM Arguments:
jvm_args: -agentlib:jdwp=transport=dt_socket,server=n,suspend=y,address=localhost:62224 -Dfile.encoding=UTF-8 
java_command: com.zero.taskflow.TaskflowApplication --spring.config.location=file:conf/fix_taskflow.properties,file:conf/taskflow.properties
java_class_path (initial): C:\Code\taskflow\target\classes;C:\Users\JZhang\.m2\repository\org\springframework\boot\spring-boot-starter\2.2.4.RELEASE\spring-boot-starter-2.2.4.RELEASE.jar;C:\Users\JZhang\.m2\repository\org\springframework\boot\spring-boot\2.2.4.RELEASE\spring-boot-2.2.4.RELEASE.jar;C:\Users\JZhang\.m2\repository\org\springframework\spring-context\5.2.3.RELEASE\spring-context-5.2.3.RELEASE.jar;C:\Users\JZhang\.m2\repository\org\springframework\spring-aop\5.2.3.RELEASE\spring-aop-5.2.3.RELEASE.jar;C:\Users\JZhang\.m2\repository\org\springframework\spring-beans\5.2.3.RELEASE\spring-beans-5.2.3.RELEASE.jar;C:\Users\JZhang\.m2\repository\org\springframework\spring-expression\5.2.3.RELEASE\spring-expression-5.2.3.RELEASE.jar;C:\Users\JZhang\.m2\repository\org\springframework\boot\spring-boot-autoconfigure\2.2.4.RELEASE\spring-boot-autoconfigure-2.2.4.RELEASE.jar;C:\Users\JZhang\.m2\repository\org\springframework\boot\spring-boot-starter-logging\2.2.4.RELEASE\spring-boot-starter-logging-2.2.4.RELEASE.jar;C:\Users\JZhang\.m2\repository\ch\qos\logback\logback-classic\1.2.3\logback-classic-1.2.3.jar;C:\Users\JZhang\.m2\repository\ch\qos\logback\logback-core\1.2.3\logback-core-1.2.3.jar;C:\Users\JZhang\.m2\repository\org\apache\logging\log4j\log4j-to-slf4j\2.12.1\log4j-to-slf4j-2.12.1.jar;C:\Users\JZhang\.m2\repository\org\slf4j\jul-to-slf4j\1.7.30\jul-to-slf4j-1.7.30.jar;C:\Users\JZhang\.m2\repository\jakarta\annotation\jakarta.annotation-api\1.3.5\jakarta.annotation-api-1.3.5.jar;C:\Users\JZhang\.m2\repository\org\springframework\spring-core\5.2.3.RELEASE\spring-core-5.2.3.RELEASE.jar;C:\Users\JZhang\.m2\repository\org\springframework\spring-jcl\5.2.3.RELEASE\spring-jcl-5.2.3.RELEASE.jar;C:\Users\JZhang\.m2\repository\org\yaml\snakeyaml\1.25\snakeyaml-1.25.jar;C:\Users\JZhang\.m2\repository\org\springframework\boot\spring-boot-devtools\2.2.4.RELEASE\spring-boot-devtools-2.2.4.RELEASE.jar;C:\Users\JZhang\.m2\repository\com\alipay\sofa\jraft-core\1.3.1.beta2\
Launcher Type: SUN_STANDARD

[Global flags]
     intx CICompilerCount                          = 3                                         {product} {ergonomic}
     uint ConcGCThreads                            = 1                                         {product} {ergonomic}
     uint G1ConcRefinementThreads                  = 4                                         {product} {ergonomic}
   size_t G1HeapRegionSize                         = 1048576                                   {product} {ergonomic}
    uintx GCDrainStackTargetSize                   = 64                                        {product} {ergonomic}
   size_t InitialHeapSize                          = 134217728                                 {product} {ergonomic}
   size_t MarkStackSize                            = 4194304                                   {product} {ergonomic}
   size_t MaxHeapSize                              = 2120220672                                {product} {ergonomic}
   size_t MaxNewSize                               = 1271922688                                {product} {ergonomic}
   size_t MinHeapDeltaBytes                        = 1048576                                   {product} {ergonomic}
   size_t MinHeapSize                              = 8388608                                   {product} {ergonomic}
    uintx NonNMethodCodeHeapSize                   = 5832780                                {pd product} {ergonomic}
    uintx NonProfiledCodeHeapSize                  = 122912730                              {pd product} {ergonomic}
    uintx ProfiledCodeHeapSize                     = 122912730                              {pd product} {ergonomic}
    uintx ReservedCodeCacheSize                    = 251658240                              {pd product} {ergonomic}
     bool SegmentedCodeCache                       = true                                      {product} {ergonomic}
   size_t SoftMaxHeapSize                          = 2120220672                             {manageable} {ergonomic}
     bool UseCompressedClassPointers               = true                                 {lp64_product} {ergonomic}
     bool UseCompressedOops                        = true                                 {lp64_product} {ergonomic}
     bool UseG1GC                                  = true                                      {product} {ergonomic}
     bool UseLargePagesIndividualAllocation        = false                                  {pd product} {ergonomic}

Logging:
Log output configuration:
 #0: stdout all=warning uptime,level,tags
 #1: stderr all=off uptime,level,tags

Environment Variables:
JAVA_HOME=C:\java\jdk-13.0.2
PATH=C:\Program Files\Python38\Scripts\;C:\Program Files\Python38\;C:\Python27\;C:\Python27\Scripts;C:\WINDOWS\system32;C:\WINDOWS;C:\WINDOWS\System32\Wbem;C:\WINDOWS\System32\WindowsPowerShell\v1.0\;C:\Program Files\Git\cmd;C:\Program Files (x86)\Aspell\bin;C:\WINDOWS\System32\OpenSSH\;C:\Program Files\dotnet\;C:\Program Files\Microsoft SQL Server\130\Tools\Binn\;C:\ProgramData\chocolatey\bin;C:\Program Files\nodejs\;C:\Program Files\Microsoft SQL Server\Client SDK\ODBC\170\Tools\Binn\;C:\Code\vcpkg;C:\Code\vcpkg\installed\x64-windows\tools\protobuf;C:\java\jdk-13.0.2\bin;C:\java\apache-maven-3.6.3\bin;C:\Users\JZhang\AppData\Local\GitHubDesktop\bin;C:\Users\JZhang\AppData\Local\Microsoft\WindowsApps;C:\Users\JZhang\AppData\Roaming\npm;C:\Users\JZhang\AppData\Local\Programs\Microsoft VS Code\bin
USERNAME=JZhang
OS=Windows_NT
PROCESSOR_IDENTIFIER=Intel64 Family 6 Model 61 Stepping 4, GenuineIntel



---------------  S Y S T E M  ---------------

OS: Windows 10 , 64 bit Build 18922 (10.0.18922.1000)
HyperV virtualization detected

CPU:total 4 (initial active 4) (2 cores per cpu, 2 threads per core) family 6 model 61 stepping 4, cmov, cx8, fxsr, mmx, sse, sse2, sse3, ssse3, sse4.1, sse4.2, popcnt, avx, avx2, aes, clmul, erms, rtm, 3dnowpref, lzcnt, ht, tsc, tscinvbit, bmi1, bmi2, adx, fma

Memory: 4k page, system-wide physical 8082M (1672M free)
TotalPageFile size 15188M (AvailPageFile size 2892M)
current process WorkingSet (physical memory assigned to process): 29M, peak: 29M
current process commit charge ("private bytes"): 206M, peak: 206M

vm_info: Java HotSpot(TM) 64-Bit Server VM (13.0.2+8) for windows-amd64 JRE (13.0.2+8), built on Dec 11 2019 09:20:33 by "mach5one" with unknown MS VC++:1916

END.
